<?xml version="1.0" encoding="UTF-8"?>
<testng-results ignored="0" total="1" passed="1" failed="0" skipped="0">
  <reporter-output>
  </reporter-output>
  <suite started-at="2024-04-02T12:01:10 IST" name="Default suite" finished-at="2024-04-02T12:01:40 IST" duration-ms="29657">
    <groups>
    </groups>
    <test started-at="2024-04-02T12:01:10 IST" name="Default test" finished-at="2024-04-02T12:01:40 IST" duration-ms="29657">
      <class name="Main">
        <test-method signature="DeletePayGrade()[pri:0, instance:Main@37858383]" started-at="2024-04-02T12:01:10 IST" name="DeletePayGrade" finished-at="2024-04-02T12:01:40 IST" duration-ms="29598" status="PASS">
          <reporter-output>
          </reporter-output>
        </test-method> <!-- DeletePayGrade -->
      </class> <!-- Main -->
    </test> <!-- Default test -->
  </suite> <!-- Default suite -->
</testng-results>
