<?xml version="1.0" encoding="UTF-8"?>
<!-- Generated by org.testng.reporters.JUnitXMLReporter -->
<testsuite ignored="8" hostname="DESKTOP-4R598SL" failures="0" tests="1" name="Default test" time="29.657" errors="0" timestamp="2024-04-02T12:01:40 IST">
  <testcase classname="Main" name="DeletePayGrade" time="29.598"/>
  <testcase classname="Main" name="Error" time="0.0">
    <ignored/>
  </testcase> <!-- Error -->
  <testcase classname="Main" name="OpenBrowserTest" time="0.0">
    <ignored/>
  </testcase> <!-- OpenBrowserTest -->
  <testcase classname="Main" name="DeleteSingleUser" time="0.0">
    <ignored/>
  </testcase> <!-- DeleteSingleUser -->
  <testcase classname="Main" name="AdminTest" time="0.0">
    <ignored/>
  </testcase> <!-- AdminTest -->
  <testcase classname="Main" name="Login" time="0.0">
    <ignored/>
  </testcase> <!-- Login -->
  <testcase classname="Main" name="EditUser" time="0.0">
    <ignored/>
  </testcase> <!-- EditUser -->
  <testcase classname="Main" name="EditUserPayGrade" time="0.0">
    <ignored/>
  </testcase> <!-- EditUserPayGrade -->
  <testcase classname="Main" name="CancelDeleteUser" time="0.0">
    <ignored/>
  </testcase> <!-- CancelDeleteUser -->
</testsuite> <!-- Default test -->
